This is pdfTeX, Version 3.14159265-2.6-1.40.20 (TeX Live 2019/Debian) (preloaded format=pdflatex 2020.3.26)  29 MAR 2020 15:14
entering extended mode
 restricted \write18 enabled.
 %&-line parsing enabled.
**use_cases_iteration_2.tex
(./use_cases_iteration_2.tex
LaTeX2e <2018-12-01>
(/usr/share/texlive/texmf-dist/tex/latex/base/article.cls
Document Class: article 2018/09/03 v1.4i Standard LaTeX document class
(/usr/share/texlive/texmf-dist/tex/latex/base/size10.clo
File: size10.clo 2018/09/03 v1.4i Standard LaTeX file (size option)
)
\c@part=\count80
\c@section=\count81
\c@subsection=\count82
\c@subsubsection=\count83
\c@paragraph=\count84
\c@subparagraph=\count85
\c@figure=\count86
\c@table=\count87
\abovecaptionskip=\skip41
\belowcaptionskip=\skip42
\bibindent=\dimen102
)
(/usr/share/texlive/texmf-dist/tex/latex/base/inputenc.sty
Package: inputenc 2018/08/11 v1.3c Input encoding file
\inpenc@prehook=\toks14
\inpenc@posthook=\toks15
)
(/usr/share/texlive/texmf-dist/tex/latex/geometry/geometry.sty
Package: geometry 2018/04/16 v5.8 Page Geometry

(/usr/share/texlive/texmf-dist/tex/latex/graphics/keyval.sty
Package: keyval 2014/10/28 v1.15 key=value parser (DPC)
\KV@toks@=\toks16
)
(/usr/share/texlive/texmf-dist/tex/generic/oberdiek/ifpdf.sty
Package: ifpdf 2018/09/07 v3.3 Provides the ifpdf switch
)
(/usr/share/texlive/texmf-dist/tex/generic/oberdiek/ifvtex.sty
Package: ifvtex 2016/05/16 v1.6 Detect VTeX and its facilities (HO)
Package ifvtex Info: VTeX not detected.
)
(/usr/share/texlive/texmf-dist/tex/generic/ifxetex/ifxetex.sty
Package: ifxetex 2010/09/12 v0.6 Provides ifxetex conditional
)
\Gm@cnth=\count88
\Gm@cntv=\count89
\c@Gm@tempcnt=\count90
\Gm@bindingoffset=\dimen103
\Gm@wd@mp=\dimen104
\Gm@odd@mp=\dimen105
\Gm@even@mp=\dimen106
\Gm@layoutwidth=\dimen107
\Gm@layoutheight=\dimen108
\Gm@layouthoffset=\dimen109
\Gm@layoutvoffset=\dimen110
\Gm@dimlist=\toks17
)
(/usr/share/texlive/texmf-dist/tex/latex/tools/verbatim.sty
Package: verbatim 2014/10/28 v1.5q LaTeX2e package for verbatim enhancements
\every@verbatim=\toks18
\verbatim@line=\toks19
\verbatim@in@stream=\read1
)
(./use_cases_iteration_2.aux)
\openout1 = `use_cases_iteration_2.aux'.

LaTeX Font Info:    Checking defaults for OML/cmm/m/it on input line 11.
LaTeX Font Info:    ... okay on input line 11.
LaTeX Font Info:    Checking defaults for T1/cmr/m/n on input line 11.
LaTeX Font Info:    ... okay on input line 11.
LaTeX Font Info:    Checking defaults for OT1/cmr/m/n on input line 11.
LaTeX Font Info:    ... okay on input line 11.
LaTeX Font Info:    Checking defaults for OMS/cmsy/m/n on input line 11.
LaTeX Font Info:    ... okay on input line 11.
LaTeX Font Info:    Checking defaults for OMX/cmex/m/n on input line 11.
LaTeX Font Info:    ... okay on input line 11.
LaTeX Font Info:    Checking defaults for U/cmr/m/n on input line 11.
LaTeX Font Info:    ... okay on input line 11.

*geometry* driver: auto-detecting
*geometry* detected driver: pdftex
*geometry* verbose mode - [ preamble ] result:
* driver: pdftex
* paper: <default>
* layout: <same size as paper>
* layoutoffset:(h,v)=(0.0pt,0.0pt)
* modes: 
* h-part:(L,W,R)=(50.58878pt, 513.11745pt, 50.58878pt)
* v-part:(T,H,B)=(50.58878pt, 693.79243pt, 50.58878pt)
* \paperwidth=614.295pt
* \paperheight=794.96999pt
* \textwidth=513.11745pt
* \textheight=693.79243pt
* \oddsidemargin=-21.68121pt
* \evensidemargin=-21.68121pt
* \topmargin=-58.68121pt
* \headheight=12.0pt
* \headsep=25.0pt
* \topskip=10.0pt
* \footskip=30.0pt
* \marginparwidth=65.0pt
* \marginparsep=11.0pt
* \columnsep=10.0pt
* \skip\footins=9.0pt plus 4.0pt minus 2.0pt
* \hoffset=0.0pt
* \voffset=0.0pt
* \mag=1000
* \@twocolumnfalse
* \@twosidefalse
* \@mparswitchfalse
* \@reversemarginfalse
* (1in=72.27pt=25.4mm, 1cm=28.453pt)

LaTeX Font Info:    External font `cmex10' loaded for size
(Font)              <12> on input line 13.
LaTeX Font Info:    External font `cmex10' loaded for size
(Font)              <8> on input line 13.
LaTeX Font Info:    External font `cmex10' loaded for size
(Font)              <6> on input line 13.

Overfull \hbox (17.12793pt too wide) in paragraph at lines 32--32
[]    \OT1/cmtt/m/n/10 Otherwise the program has been expanded by one block and
 the block has re-appeared in the Palette[] 
 []


Overfull \hbox (17.12793pt too wide) in paragraph at lines 55--55
[]    \OT1/cmtt/m/n/10 Otherwise the program has been expanded by one block and
 the block has re-appeared in the Palette[] 
 []

[1

{/var/lib/texmf/fonts/map/pdftex/updmap/pdftex.map}]
Overfull \hbox (174.62656pt too wide) in paragraph at lines 71--71
[]    \OT1/cmtt/m/n/10 The User wishes to move a block to back to the palette (
removing a block from the program area or just moving a block around in[] 
 []

[2]
Overfull \hbox (195.62637pt too wide) in paragraph at lines 127--127
[]    \OT1/cmtt/m/n/10 The user clicks on a block in the Program Area and moves
 it around. When the user lets go of the block the position of the block is[] 
 []


Overfull \hbox (95.87724pt too wide) in paragraph at lines 136--136
[]    \OT1/cmtt/m/n/10 6. The block can be connected if the conditions are met 
otherwise it is just placed where the user let go of it.[] 
 []


Overfull \hbox (190.37642pt too wide) in paragraph at lines 149--149
[]    \OT1/cmtt/m/n/10 The user clicks on a block in the Program Area or Palett
e and moves it outside the Palette and Program Area. When the user lets go[] 
 []


Overfull \hbox (206.12628pt too wide) in paragraph at lines 159--159
[]    \OT1/cmtt/m/n/10 7. The block is placed in it's last valid location withi
n the Program Area and checked if it needs to be connected or Removed if this[]
 
 []

[3]
Overfull \hbox (53.87761pt too wide) in paragraph at lines 197--197
[]    \OT1/cmtt/m/n/10 The program executes the highlighted block and highlight
s the block after the previously executed block.[] 
 []


Overfull \hbox (227.1261pt too wide) in paragraph at lines 204--204
[]    \OT1/cmtt/m/n/10 3.2 If the block is a move block there can't be a wall i
n front of the robot. If there is a wall in front of the robot the game is rese
t.[] 
 []


Overfull \hbox (22.37788pt too wide) in paragraph at lines 205--205
[]           \OT1/cmtt/m/n/10 If there is no wall in front of the robot the pos
ition of the robot is changed accordingly.[] 
 []


Overfull \hbox (248.12592pt too wide) in paragraph at lines 206--206
[]    \OT1/cmtt/m/n/10 3.3 If the block is a while or if block first the condit
ion within this block is checked, if it is satisfied the first block of the cav
ity is[] 
 []


Overfull \hbox (221.87614pt too wide) in paragraph at lines 207--207
[]           \OT1/cmtt/m/n/10 highlighted and execution goes on from there. If 
the condition is not satisfied the next block is the block under the if or whil
e[] 
 []


Overfull \hbox (190.37642pt too wide) in paragraph at lines 209--209
[]    \OT1/cmtt/m/n/10 4. The next block that needs to be executed is highlight
ed. If the next block doesn't exist because the current block was the last[] 
 []


Overfull \hbox (27.62784pt too wide) in paragraph at lines 218--218
[]    \OT1/cmtt/m/n/10 The User wishes to reset the program or make changes to 
the Program Area after running the program.[] 
 []


Overfull \hbox (95.87724pt too wide) in paragraph at lines 229--229
[]    \OT1/cmtt/m/n/10 1. The user presses ESC or moves a block within the Prog
ram Area or presses F5 after the last block is executed.[] 
 []

[4]
Overfull \hbox (48.62766pt too wide) in paragraph at lines 245--245
[]    \OT1/cmtt/m/n/10 removed or the moved block was set back to it's previous
 position or the removed block was added again.[] 
 []


Overfull \hbox (1.37807pt too wide) in paragraph at lines 267--267
[]    \OT1/cmtt/m/n/10 The grid state is set to the next on if the program was 
running and there is a next grid state[] 
 []


Overfull \hbox (59.12756pt too wide) in paragraph at lines 269--269
[]    \OT1/cmtt/m/n/10 The last undone change to the blocks in the program area
 was redone, the removed added block was readded,[] 
 []


Overfull \hbox (11.87798pt too wide) in paragraph at lines 275--275
[]    \OT1/cmtt/m/n/10 2.1 If the program is running and there is an undone nex
t grid state, use this next state again.[] 
 []


Overfull \hbox (74.87743pt too wide) in paragraph at lines 277--277
[]    \OT1/cmtt/m/n/10 2.2 If the program was not running and there is an undon
e next program area stat, use this next state again.[] 
 []

[5] (./use_cases_iteration_2.aux) ) 
Here is how much of TeX's memory you used:
 802 strings out of 494553
 11259 string characters out of 6177377
 79737 words of memory out of 5000000
 4522 multiletter control sequences out of 15000+600000
 6843 words of font info for 25 fonts, out of 8000000 for 9000
 14 hyphenation exceptions out of 8191
 24i,6n,32p,174b,252s stack positions out of 5000i,500n,10000p,200000b,80000s
</usr/share/texlive/texmf-dist/fonts/type1/p
ublic/amsfonts/cm/cmr10.pfb></usr/share/texlive/texmf-dist/fonts/type1/public/a
msfonts/cm/cmr12.pfb></usr/share/texlive/texmf-dist/fonts/type1/public/amsfonts
/cm/cmr17.pfb></usr/share/texlive/texmf-dist/fonts/type1/public/amsfonts/cm/cmt
t10.pfb>
Output written on use_cases_iteration_2.pdf (5 pages, 55555 bytes).
PDF statistics:
 36 PDF objects out of 1000 (max. 8388607)
 24 compressed objects within 1 object stream
 0 named destinations out of 1000 (max. 500000)
 1 words of extra memory for PDF output out of 10000 (max. 10000000)

